<?xml version="1.0" encoding="UTF-8"?>
<robot generator="Robot 4.1 (Python 3.9.7 on win32)" generated="20210904 17:23:43.371" rpa="false" schemaversion="2">
<suite id="s1" name="Validate Tv Schedule" source="C:\Users\Carlos Carvalho\Desktop\Desafio Accenture\desafio-accenture\tests\web\validate_tv_schedule.robot">
<kw name="Start Browser Session" library="base.web" type="SETUP">
<kw name="New Browser">
<arg>chromium</arg>
<arg>False</arg>
<msg timestamp="20210904 17:23:43.644" level="FAIL">No keyword with name 'New Browser' found.</msg>
<status status="FAIL" starttime="20210904 17:23:43.644" endtime="20210904 17:23:43.644"/>
</kw>
<kw name="New Page">
<arg>about:blank</arg>
<status status="NOT RUN" starttime="20210904 17:23:43.645" endtime="20210904 17:23:43.645"/>
</kw>
<status status="FAIL" starttime="20210904 17:23:43.643" endtime="20210904 17:23:43.646"/>
</kw>
<test id="s1-t1" name="Live Now Validation">
<status status="FAIL" starttime="20210904 17:23:43.646" endtime="20210904 17:23:43.646">Parent suite setup failed:
No keyword with name 'New Browser' found.</status>
</test>
<doc>Teste de validação da programação ao vivo do site Sky para Desafio Accenture</doc>
<status status="FAIL" starttime="20210904 17:23:43.373" endtime="20210904 17:23:43.648">Suite setup failed:
No keyword with name 'New Browser' found.</status>
</suite>
<statistics>
<total>
<stat pass="0" fail="1" skip="0">All Tests</stat>
</total>
<tag>
</tag>
<suite>
<stat pass="0" fail="1" skip="0" id="s1" name="Validate Tv Schedule">Validate Tv Schedule</stat>
</suite>
</statistics>
<errors>
<msg timestamp="20210904 17:23:43.637" level="ERROR">Error in file 'C:\Users\Carlos Carvalho\Desktop\Desafio Accenture\desafio-accenture\resources\base.web.robot' on line 2: Initializing library 'Browser' with no arguments failed: Could not find node dependencies in installation directory `C:\Users\Carlos Carvalho\AppData\Roaming\Python\Python39\site-packages\Browser\wrapper.` Run `rfbrowser init` to install the dependencies.
Traceback (most recent call last):
  File "C:\Users\Carlos Carvalho\AppData\Roaming\Python\Python39\site-packages\Browser\browser.py", line 699, in __init__
    self.playwright = Playwright(
  File "C:\Users\Carlos Carvalho\AppData\Roaming\Python\Python39\site-packages\Browser\playwright.py", line 50, in __init__
    self.ensure_node_dependencies()
  File "C:\Users\Carlos Carvalho\AppData\Roaming\Python\Python39\site-packages\Browser\playwright.py", line 79, in ensure_node_dependencies
    raise RuntimeError(</msg>
</errors>
</robot>
